0 info it worked if it ends with ok
1 verbose cli [ '/usr/local/bin/node', '/usr/local/bin/npm', 'install' ]
2 info using npm@2.7.4
3 info using node@v0.12.2
4 warn package.json westCostPercp@1.0.0 No repository field.
5 warn package.json westCostPercp@1.0.0 No README data
6 verbose install where, deps [ '/home/rakeshthakur/Copy/Thesis',
6 verbose install   [ 'express',
6 verbose install     'jade',
6 verbose install     'less-middleware',
6 verbose install     'mongodb',
6 verbose install     'mongoose',
6 verbose install     'bower' ] ]
7 verbose install where, peers [ '/home/rakeshthakur/Copy/Thesis', [] ]
8 info preinstall westCostPercp@1.0.0
9 silly cache add args [ 'mongoose@^4.1.5', null ]
10 verbose cache add spec mongoose@^4.1.5
11 silly cache add parsed spec { raw: 'mongoose@^4.1.5',
11 silly cache add   scope: null,
11 silly cache add   name: 'mongoose',
11 silly cache add   rawSpec: '^4.1.5',
11 silly cache add   spec: '>=4.1.5 <5.0.0',
11 silly cache add   type: 'range' }
12 verbose addNamed mongoose@>=4.1.5 <5.0.0
13 silly addNamed semver.valid null
14 silly addNamed semver.validRange >=4.1.5 <5.0.0
15 silly addNameRange { name: 'mongoose', range: '>=4.1.5 <5.0.0', hasData: false }
16 silly mapToRegistry name mongoose
17 silly mapToRegistry using default registry
18 silly mapToRegistry registry https://registry.npmjs.org/
19 silly mapToRegistry uri https://registry.npmjs.org/mongoose
20 verbose addNameRange registry:https://registry.npmjs.org/mongoose not in flight; fetching
21 silly cache add args [ 'bower@^1.4.1', null ]
22 verbose cache add spec bower@^1.4.1
23 silly cache add parsed spec { raw: 'bower@^1.4.1',
23 silly cache add   scope: null,
23 silly cache add   name: 'bower',
23 silly cache add   rawSpec: '^1.4.1',
23 silly cache add   spec: '>=1.4.1 <2.0.0',
23 silly cache add   type: 'range' }
24 verbose addNamed bower@>=1.4.1 <2.0.0
25 silly addNamed semver.valid null
26 silly addNamed semver.validRange >=1.4.1 <2.0.0
27 silly addNameRange { name: 'bower', range: '>=1.4.1 <2.0.0', hasData: false }
28 silly mapToRegistry name bower
29 silly mapToRegistry using default registry
30 silly mapToRegistry registry https://registry.npmjs.org/
31 silly mapToRegistry uri https://registry.npmjs.org/bower
32 verbose addNameRange registry:https://registry.npmjs.org/bower not in flight; fetching
33 silly cache add args [ 'express@^4.13.1', null ]
34 verbose cache add spec express@^4.13.1
35 silly cache add parsed spec { raw: 'express@^4.13.1',
35 silly cache add   scope: null,
35 silly cache add   name: 'express',
35 silly cache add   rawSpec: '^4.13.1',
35 silly cache add   spec: '>=4.13.1 <5.0.0',
35 silly cache add   type: 'range' }
36 verbose addNamed express@>=4.13.1 <5.0.0
37 silly addNamed semver.valid null
38 silly addNamed semver.validRange >=4.13.1 <5.0.0
39 silly addNameRange { name: 'express', range: '>=4.13.1 <5.0.0', hasData: false }
40 silly mapToRegistry name express
41 silly mapToRegistry using default registry
42 silly mapToRegistry registry https://registry.npmjs.org/
43 silly mapToRegistry uri https://registry.npmjs.org/express
44 verbose addNameRange registry:https://registry.npmjs.org/express not in flight; fetching
45 silly cache add args [ 'less-middleware@^2.0.1', null ]
46 verbose cache add spec less-middleware@^2.0.1
47 silly cache add parsed spec { raw: 'less-middleware@^2.0.1',
47 silly cache add   scope: null,
47 silly cache add   name: 'less-middleware',
47 silly cache add   rawSpec: '^2.0.1',
47 silly cache add   spec: '>=2.0.1 <3.0.0',
47 silly cache add   type: 'range' }
48 verbose addNamed less-middleware@>=2.0.1 <3.0.0
49 silly addNamed semver.valid null
50 silly addNamed semver.validRange >=2.0.1 <3.0.0
51 silly addNameRange { name: 'less-middleware',
51 silly addNameRange   range: '>=2.0.1 <3.0.0',
51 silly addNameRange   hasData: false }
52 silly mapToRegistry name less-middleware
53 silly mapToRegistry using default registry
54 silly mapToRegistry registry https://registry.npmjs.org/
55 silly mapToRegistry uri https://registry.npmjs.org/less-middleware
56 verbose addNameRange registry:https://registry.npmjs.org/less-middleware not in flight; fetching
57 silly cache add args [ 'jade@^1.11.0', null ]
58 verbose cache add spec jade@^1.11.0
59 silly cache add parsed spec { raw: 'jade@^1.11.0',
59 silly cache add   scope: null,
59 silly cache add   name: 'jade',
59 silly cache add   rawSpec: '^1.11.0',
59 silly cache add   spec: '>=1.11.0 <2.0.0',
59 silly cache add   type: 'range' }
60 verbose addNamed jade@>=1.11.0 <2.0.0
61 silly addNamed semver.valid null
62 silly addNamed semver.validRange >=1.11.0 <2.0.0
63 silly addNameRange { name: 'jade', range: '>=1.11.0 <2.0.0', hasData: false }
64 silly mapToRegistry name jade
65 silly mapToRegistry using default registry
66 silly mapToRegistry registry https://registry.npmjs.org/
67 silly mapToRegistry uri https://registry.npmjs.org/jade
68 verbose addNameRange registry:https://registry.npmjs.org/jade not in flight; fetching
69 silly cache add args [ 'mongodb@^2.0.39', null ]
70 verbose cache add spec mongodb@^2.0.39
71 silly cache add parsed spec { raw: 'mongodb@^2.0.39',
71 silly cache add   scope: null,
71 silly cache add   name: 'mongodb',
71 silly cache add   rawSpec: '^2.0.39',
71 silly cache add   spec: '>=2.0.39 <3.0.0',
71 silly cache add   type: 'range' }
72 verbose addNamed mongodb@>=2.0.39 <3.0.0
73 silly addNamed semver.valid null
74 silly addNamed semver.validRange >=2.0.39 <3.0.0
75 silly addNameRange { name: 'mongodb', range: '>=2.0.39 <3.0.0', hasData: false }
76 silly mapToRegistry name mongodb
77 silly mapToRegistry using default registry
78 silly mapToRegistry registry https://registry.npmjs.org/
79 silly mapToRegistry uri https://registry.npmjs.org/mongodb
80 verbose addNameRange registry:https://registry.npmjs.org/mongodb not in flight; fetching
81 verbose request uri https://registry.npmjs.org/mongoose
82 verbose request no auth needed
83 info attempt registry request try #1 at 10:46:13
84 verbose request id 9261fed3af7a92e1
85 verbose etag "E8MFVI619M6MU2M1MHSB0KCNZ"
86 http request GET https://registry.npmjs.org/mongoose
87 verbose request uri https://registry.npmjs.org/jade
88 verbose request no auth needed
89 info attempt registry request try #1 at 10:46:13
90 verbose etag "CA6AJ57FXL9WJBL0JH0LDTSLG"
91 http request GET https://registry.npmjs.org/jade
92 verbose request uri https://registry.npmjs.org/bower
93 verbose request no auth needed
94 info attempt registry request try #1 at 10:46:13
95 verbose etag "BJJLECJY7XG4TJNVUE528CEAO"
96 http request GET https://registry.npmjs.org/bower
97 verbose request uri https://registry.npmjs.org/express
98 verbose request no auth needed
99 info attempt registry request try #1 at 10:46:13
100 verbose etag "BLI75MW4DB7XN5XSMCFNLRNW3"
101 http request GET https://registry.npmjs.org/express
102 verbose request uri https://registry.npmjs.org/less-middleware
103 verbose request no auth needed
104 info attempt registry request try #1 at 10:46:13
105 verbose etag "74Q65IFTFIGES8MWKQYOW3ESM"
106 http request GET https://registry.npmjs.org/less-middleware
107 verbose request uri https://registry.npmjs.org/mongodb
108 verbose request no auth needed
109 info attempt registry request try #1 at 10:46:13
110 verbose etag "9TDDRLACX232F5XFUYR13465M"
111 http request GET https://registry.npmjs.org/mongodb
112 info retry will retry, error on last attempt: Error: getaddrinfo EAI_AGAIN
113 info retry will retry, error on last attempt: Error: getaddrinfo EAI_AGAIN
114 info retry will retry, error on last attempt: Error: getaddrinfo EAI_AGAIN
115 info retry will retry, error on last attempt: Error: getaddrinfo EAI_AGAIN
116 info attempt registry request try #2 at 10:46:43
117 verbose etag "E8MFVI619M6MU2M1MHSB0KCNZ"
118 http request GET https://registry.npmjs.org/mongoose
119 info attempt registry request try #2 at 10:46:43
120 verbose etag "CA6AJ57FXL9WJBL0JH0LDTSLG"
121 http request GET https://registry.npmjs.org/jade
122 info attempt registry request try #2 at 10:46:43
123 verbose etag "BJJLECJY7XG4TJNVUE528CEAO"
124 http request GET https://registry.npmjs.org/bower
125 info attempt registry request try #2 at 10:46:43
126 verbose etag "BLI75MW4DB7XN5XSMCFNLRNW3"
127 http request GET https://registry.npmjs.org/express
128 info retry will retry, error on last attempt: Error: getaddrinfo EAI_AGAIN
129 info retry will retry, error on last attempt: Error: getaddrinfo EAI_AGAIN
130 info attempt registry request try #2 at 10:47:03
131 verbose etag "74Q65IFTFIGES8MWKQYOW3ESM"
132 http request GET https://registry.npmjs.org/less-middleware
133 info attempt registry request try #2 at 10:47:03
134 verbose etag "9TDDRLACX232F5XFUYR13465M"
135 http request GET https://registry.npmjs.org/mongodb
136 info retry will retry, error on last attempt: Error: getaddrinfo EAI_AGAIN
137 info retry will retry, error on last attempt: Error: getaddrinfo EAI_AGAIN
138 info retry will retry, error on last attempt: Error: getaddrinfo EAI_AGAIN
139 info retry will retry, error on last attempt: Error: getaddrinfo EAI_AGAIN
140 info retry will retry, error on last attempt: Error: getaddrinfo EAI_AGAIN
141 info retry will retry, error on last attempt: Error: getaddrinfo EAI_AGAIN
142 info attempt registry request try #3 at 10:48:03
143 verbose etag "E8MFVI619M6MU2M1MHSB0KCNZ"
144 http request GET https://registry.npmjs.org/mongoose
145 info attempt registry request try #3 at 10:48:03
146 verbose etag "CA6AJ57FXL9WJBL0JH0LDTSLG"
147 http request GET https://registry.npmjs.org/jade
148 info attempt registry request try #3 at 10:48:13
149 verbose etag "BJJLECJY7XG4TJNVUE528CEAO"
150 http request GET https://registry.npmjs.org/bower
151 info attempt registry request try #3 at 10:48:13
152 verbose etag "BLI75MW4DB7XN5XSMCFNLRNW3"
153 http request GET https://registry.npmjs.org/express
154 silly get cb [ 304, undefined ]
155 verbose etag https://registry.npmjs.org/mongoose from cache
156 verbose get saving mongoose to /home/rakeshthakur/.npm/registry.npmjs.org/mongoose/.cache.json
157 info attempt registry request try #3 at 10:48:23
158 verbose etag "9TDDRLACX232F5XFUYR13465M"
159 http request GET https://registry.npmjs.org/mongodb
160 info attempt registry request try #3 at 10:48:23
161 verbose etag "74Q65IFTFIGES8MWKQYOW3ESM"
162 http request GET https://registry.npmjs.org/less-middleware
163 silly get cb [ 304, undefined ]
164 verbose etag https://registry.npmjs.org/jade from cache
165 verbose get saving jade to /home/rakeshthakur/.npm/registry.npmjs.org/jade/.cache.json
166 silly get cb [ 304, undefined ]
167 verbose etag https://registry.npmjs.org/bower from cache
168 verbose get saving bower to /home/rakeshthakur/.npm/registry.npmjs.org/bower/.cache.json
169 silly get cb [ 304, undefined ]
170 verbose etag https://registry.npmjs.org/express from cache
171 verbose get saving express to /home/rakeshthakur/.npm/registry.npmjs.org/express/.cache.json
172 silly addNameRange number 2 { name: 'jade', range: '>=1.11.0 <2.0.0', hasData: true }
173 silly addNameRange versions [ 'jade',
173 silly addNameRange   [ '0.0.1',
173 silly addNameRange     '0.0.2',
173 silly addNameRange     '0.1.0',
173 silly addNameRange     '0.2.0',
173 silly addNameRange     '0.2.1',
173 silly addNameRange     '0.2.2',
173 silly addNameRange     '0.2.3',
173 silly addNameRange     '0.2.4',
173 silly addNameRange     '0.3.0',
173 silly addNameRange     '0.4.0',
173 silly addNameRange     '0.4.1',
173 silly addNameRange     '0.5.0',
173 silly addNameRange     '0.5.1',
173 silly addNameRange     '0.5.2',
173 silly addNameRange     '0.5.3',
173 silly addNameRange     '0.5.4',
173 silly addNameRange     '0.5.5',
173 silly addNameRange     '0.5.6',
173 silly addNameRange     '0.5.7',
173 silly addNameRange     '0.6.0',
173 silly addNameRange     '0.6.1',
173 silly addNameRange     '0.6.3',
173 silly addNameRange     '0.7.0',
173 silly addNameRange     '0.7.1',
173 silly addNameRange     '0.8.0',
173 silly addNameRange     '0.8.1',
173 silly addNameRange     '0.8.2',
173 silly addNameRange     '0.8.3',
173 silly addNameRange     '0.8.4',
173 silly addNameRange     '0.8.5',
173 silly addNameRange     '0.8.6',
173 silly addNameRange     '0.8.7',
173 silly addNameRange     '0.8.8',
173 silly addNameRange     '0.8.9',
173 silly addNameRange     '0.9.0',
173 silly addNameRange     '0.9.1',
173 silly addNameRange     '0.9.2',
173 silly addNameRange     '0.9.3',
173 silly addNameRange     '0.10.0',
173 silly addNameRange     '0.10.1',
173 silly addNameRange     '0.10.2',
173 silly addNameRange     '0.10.3',
173 silly addNameRange     '0.10.4',
173 silly addNameRange     '0.10.5',
173 silly addNameRange     '0.10.6',
173 silly addNameRange     '0.10.7',
173 silly addNameRange     '0.11.0',
173 silly addNameRange     '0.11.1',
173 silly addNameRange     '0.12.0',
173 silly addNameRange     '0.12.1',
173 silly addNameRange     '0.12.2',
173 silly addNameRange     '0.12.3',
173 silly addNameRange     '0.12.4',
173 silly addNameRange     '0.13.0',
173 silly addNameRange     '0.14.0',
173 silly addNameRange     '0.14.1',
173 silly addNameRange     '0.14.2',
173 silly addNameRange     '0.15.0',
173 silly addNameRange     '0.15.1',
173 silly addNameRange     '0.15.2',
173 silly addNameRange     '0.15.3',
173 silly addNameRange     '0.15.4',
173 silly addNameRange     '0.16.0',
173 silly addNameRange     '0.16.1',
173 silly addNameRange     '0.16.2',
173 silly addNameRange     '0.16.3',
173 silly addNameRange     '0.16.4',
173 silly addNameRange     '0.17.0',
173 silly addNameRange     '0.18.0',
173 silly addNameRange     '0.19.0',
173 silly addNameRange     '0.20.0',
173 silly addNameRange     '0.20.1',
173 silly addNameRange     '0.20.2',
173 silly addNameRange     '0.20.3',
173 silly addNameRange     '0.21.0',
173 silly addNameRange     '0.22.0',
173 silly addNameRange     '0.22.1',
173 silly addNameRange     '0.23.0',
173 silly addNameRange     '0.24.0',
173 silly addNameRange     '0.25.0',
173 silly addNameRange     '0.26.0',
173 silly addNameRange     '0.26.1',
173 silly addNameRange     '0.26.2',
173 silly addNameRange     '0.26.3',
173 silly addNameRange     '0.27.0',
173 silly addNameRange     '0.27.1',
173 silly addNameRange     '0.27.2',
173 silly addNameRange     '0.27.3',
173 silly addNameRange     '0.27.4',
173 silly addNameRange     '0.27.5',
173 silly addNameRange     '0.27.6',
173 silly addNameRange     '0.27.7',
173 silly addNameRange     '0.28.0',
173 silly addNameRange     '0.28.1',
173 silly addNameRange     '0.28.2',
173 silly addNameRange     '0.29.0',
173 silly addNameRange     '0.30.0',
173 silly addNameRange     '0.31.0',
173 silly addNameRange     '0.31.1',
173 silly addNameRange     '0.31.2',
173 silly addNameRange     '0.32.0',
173 silly addNameRange     '0.33.0',
173 silly addNameRange     '0.34.0',
173 silly addNameRange     '0.34.1',
173 silly addNameRange     '0.35.0',
173 silly addNameRange     '1.0.0',
173 silly addNameRange     '1.0.1',
173 silly addNameRange     '1.0.2',
173 silly addNameRange     '1.1.0',
173 silly addNameRange     '1.1.1',
173 silly addNameRange     '1.1.2',
173 silly addNameRange     '1.1.3',
173 silly addNameRange     '1.1.4',
173 silly addNameRange     '1.1.5',
173 silly addNameRange     '1.2.0',
173 silly addNameRange     '1.3.0',
173 silly addNameRange     '1.3.1',
173 silly addNameRange     '1.4.0',
173 silly addNameRange     '1.4.1',
173 silly addNameRange     '1.4.2',
173 silly addNameRange     '1.5.0',
173 silly addNameRange     '1.6.0',
173 silly addNameRange     '1.7.0',
173 silly addNameRange     '1.8.0',
173 silly addNameRange     '1.8.1',
173 silly addNameRange     '1.8.2',
173 silly addNameRange     '1.9.0',
173 silly addNameRange     '1.9.1',
173 silly addNameRange     '1.9.2',
173 silly addNameRange     '1.10.0',
173 silly addNameRange     '1.11.0' ] ]
174 verbose addNamed jade@1.11.0
175 silly addNamed semver.valid 1.11.0
176 silly addNamed semver.validRange 1.11.0
177 silly addNameRange number 2 { name: 'mongoose', range: '>=4.1.5 <5.0.0', hasData: true }
178 silly addNameRange versions [ 'mongoose',
178 silly addNameRange   [ '0.0.1',
178 silly addNameRange     '0.0.2',
178 silly addNameRange     '0.0.3',
178 silly addNameRange     '0.0.4',
178 silly addNameRange     '0.0.5',
178 silly addNameRange     '1.0.0',
178 silly addNameRange     '1.0.1',
178 silly addNameRange     '1.0.2',
178 silly addNameRange     '0.0.6',
178 silly addNameRange     '1.0.3',
178 silly addNameRange     '1.0.4',
178 silly addNameRange     '1.0.5',
178 silly addNameRange     '1.0.6',
178 silly addNameRange     '1.0.7',
178 silly addNameRange     '1.0.8',
178 silly addNameRange     '1.0.10',
178 silly addNameRange     '1.0.11',
178 silly addNameRange     '1.0.12',
178 silly addNameRange     '1.0.13',
178 silly addNameRange     '1.0.14',
178 silly addNameRange     '1.0.15',
178 silly addNameRange     '1.0.16',
178 silly addNameRange     '1.1.0',
178 silly addNameRange     '1.1.1',
178 silly addNameRange     '1.1.2',
178 silly addNameRange     '1.1.3',
178 silly addNameRange     '1.1.4',
178 silly addNameRange     '1.1.5',
178 silly addNameRange     '1.1.6',
178 silly addNameRange     '1.1.7',
178 silly addNameRange     '1.1.8',
178 silly addNameRange     '1.1.9',
178 silly addNameRange     '1.1.10',
178 silly addNameRange     '1.1.11',
178 silly addNameRange     '1.1.12',
178 silly addNameRange     '1.1.13',
178 silly addNameRange     '1.1.14',
178 silly addNameRange     '1.1.15',
178 silly addNameRange     '1.1.16',
178 silly addNameRange     '1.1.17',
178 silly addNameRange     '1.1.18',
178 silly addNameRange     '1.1.19',
178 silly addNameRange     '1.1.20',
178 silly addNameRange     '1.1.21',
178 silly addNameRange     '1.1.22',
178 silly addNameRange     '1.1.23',
178 silly addNameRange     '1.1.24',
178 silly addNameRange     '1.1.25',
178 silly addNameRange     '1.2.0',
178 silly addNameRange     '1.3.0',
178 silly addNameRange     '1.3.1',
178 silly addNameRange     '1.3.2',
178 silly addNameRange     '1.3.3',
178 silly addNameRange     '1.3.4',
178 silly addNameRange     '1.3.5',
178 silly addNameRange     '1.3.6',
178 silly addNameRange     '1.3.7',
178 silly addNameRange     '1.4.0',
178 silly addNameRange     '1.5.0',
178 silly addNameRange     '1.6.0',
178 silly addNameRange     '1.7.2',
178 silly addNameRange     '1.7.3',
178 silly addNameRange     '1.7.4',
178 silly addNameRange     '1.8.0',
178 silly addNameRange     '1.8.1',
178 silly addNameRange     '1.8.2',
178 silly addNameRange     '1.8.3',
178 silly addNameRange     '1.8.4',
178 silly addNameRange     '2.0.0',
178 silly addNameRange     '2.0.1',
178 silly addNameRange     '2.0.2',
178 silly addNameRange     '2.0.3',
178 silly addNameRange     '2.0.4',
178 silly addNameRange     '2.1.0',
178 silly addNameRange     '2.1.1',
178 silly addNameRange     '2.1.2',
178 silly addNameRange     '2.1.3',
178 silly addNameRange     '2.1.4',
178 silly addNameRange     '2.2.0',
178 silly addNameRange     '2.2.1',
178 silly addNameRange     '2.2.2',
178 silly addNameRange     '2.2.3',
178 silly addNameRange     '2.2.4',
178 silly addNameRange     '2.3.0',
178 silly addNameRange     '2.3.1',
178 silly addNameRange     '2.3.2',
178 silly addNameRange     '2.3.3',
178 silly addNameRange     '2.3.4',
178 silly addNameRange     '2.3.5',
178 silly addNameRange     '2.3.6',
178 silly addNameRange     '2.3.7',
178 silly addNameRange     '2.3.8',
178 silly addNameRange     '2.3.9',
178 silly addNameRange     '2.3.10',
178 silly addNameRange     '2.3.11',
178 silly addNameRange     '2.3.12',
178 silly addNameRange     '2.3.13',
178 silly addNameRange     '2.4.0',
178 silly addNameRange     '2.4.1',
178 silly addNameRange     '2.4.2',
178 silly addNameRange     '2.4.3',
178 silly addNameRange     '2.4.4',
178 silly addNameRange     '2.4.5',
178 silly addNameRange     '2.4.6',
178 silly addNameRange     '2.4.7',
178 silly addNameRange     '2.4.8',
178 silly addNameRange     '2.4.9',
178 silly addNameRange     '2.4.10',
178 silly addNameRange     '2.5.0',
178 silly addNameRange     '2.5.1',
178 silly addNameRange     '2.5.2',
178 silly addNameRange     '2.5.3',
178 silly addNameRange     '2.5.4',
178 silly addNameRange     '2.5.5',
178 silly addNameRange     '2.5.6',
178 silly addNameRange     '2.5.7',
178 silly addNameRange     '2.5.8',
178 silly addNameRange     '2.5.9',
178 silly addNameRange     '2.5.10',
178 silly addNameRange     '2.5.11',
178 silly addNameRange     '2.5.12',
178 silly addNameRange     '2.5.13',
178 silly addNameRange     '2.5.14',
178 silly addNameRange     '2.6.0',
178 silly addNameRange     '2.6.1',
178 silly addNameRange     '2.6.2',
178 silly addNameRange     '2.6.3',
178 silly addNameRange     '2.6.4',
178 silly addNameRange     '2.6.5',
178 silly addNameRange     '2.6.6',
178 silly addNameRange     '2.6.7',
178 silly addNameRange     '2.6.8',
178 silly addNameRange     '2.7.0',
178 silly addNameRange     '2.7.1',
178 silly addNameRange     '2.7.2',
178 silly addNameRange     '2.7.4',
178 silly addNameRange     '2.7.3',
178 silly addNameRange     '3.0.0',
178 silly addNameRange     '3.0.1',
178 silly addNameRange     '3.0.2',
178 silly addNameRange     '2.8.0',
178 silly addNameRange     '3.0.3',
178 silly addNameRange     '3.1.0',
178 silly addNameRange     '2.8.1',
178 silly addNameRange     '3.1.1',
178 silly addNameRange     '2.8.2',
178 silly addNameRange     '2.8.3',
178 silly addNameRange     '2.9.0',
178 silly addNameRange     '3.2.0',
178 silly addNameRange     '2.9.1',
178 silly addNameRange     '3.2.1',
178 silly addNameRange     '2.9.2',
178 silly addNameRange     '3.2.2',
178 silly addNameRange     '3.3.0',
178 silly addNameRange     '3.3.1',
178 silly addNameRange     '2.9.3',
178 silly addNameRange     '3.4.0',
178 silly addNameRange     '2.9.4',
178 silly addNameRange     '2.9.5',
178 silly addNameRange     '3.5.0',
178 silly addNameRange     '3.5.1',
178 silly addNameRange     '3.5.2',
178 silly addNameRange     '3.5.3',
178 silly addNameRange     '2.9.6',
178 silly addNameRange     '2.9.7',
178 silly addNameRange     '3.5.4',
178 silly addNameRange     '3.5.5',
178 silly addNameRange     '2.9.8',
178 silly addNameRange     '2.9.9',
178 silly addNameRange     '3.5.6',
178 silly addNameRange     '3.5.7',
178 silly addNameRange     '3.5.8',
178 silly addNameRange     '2.9.10',
178 silly addNameRange     '3.5.9',
178 silly addNameRange     '3.6.2',
178 silly addNameRange     '3.5.10',
178 silly addNameRange     '3.6.3',
178 silly addNameRange     '3.5.11',
178 silly addNameRange     '3.6.4',
178 silly addNameRange     '3.6.5',
178 silly addNameRange     '3.6.6',
178 silly addNameRange     '3.6.7',
178 silly addNameRange     '3.5.12',
178 silly addNameRange     '3.6.8',
178 silly addNameRange     '3.6.9',
178 silly addNameRange     '3.6.10',
178 silly addNameRange     '3.5.13',
178 silly addNameRange     '3.5.14',
178 silly addNameRange     '3.6.11',
178 silly addNameRange     '3.6.12',
178 silly addNameRange     '3.6.13',
178 silly addNameRange     '3.6.14',
178 silly addNameRange     '3.6.15',
178 silly addNameRange     '3.5.15',
178 silly addNameRange     '3.7.0',
178 silly addNameRange     '3.6.16',
178 silly addNameRange     '3.5.16',
178 silly addNameRange     '3.6.17',
178 silly addNameRange     '3.7.2',
178 silly addNameRange     '3.0.0-alpha1',
178 silly addNameRange     '3.0.0-alpha2',
178 silly addNameRange     '3.0.0-rc0',
178 silly addNameRange     '3.6.0-rc0',
178 silly addNameRange     '3.6.0-rc1',
178 silly addNameRange     '3.6.18',
178 silly addNameRange     '3.7.3',
178 silly addNameRange     '3.6.19',
178 silly addNameRange     '3.6.20',
178 silly addNameRange     '3.7.4',
178 silly addNameRange     '3.8.0',
178 silly addNameRange     '3.8.1',
178 silly addNameRange     '3.8.2',
178 silly addNameRange     '3.8.3',
178 silly addNameRange     '3.8.4',
178 silly addNameRange     '3.8.5',
178 silly addNameRange     '3.8.6',
178 silly addNameRange     '3.8.7',
178 silly addNameRange     '3.8.8',
178 silly addNameRange     '3.8.9',
178 silly addNameRange     '3.8.10',
178 silly addNameRange     '3.8.11',
178 silly addNameRange     '3.9.0',
178 silly addNameRange     '3.8.12',
178 silly addNameRange     '3.8.13',
178 silly addNameRange     '3.8.14',
178 silly addNameRange     '3.8.15',
178 silly addNameRange     '3.9.1',
178 silly addNameRange     '3.8.16',
178 silly addNameRange     '3.9.2',
178 silly addNameRange     '3.8.17',
178 silly addNameRange     '3.9.3',
178 silly addNameRange     '3.8.18',
178 silly addNameRange     '3.9.4',
178 silly addNameRange     '3.8.19',
178 silly addNameRange     '3.9.5',
178 silly addNameRange     '3.8.20',
178 silly addNameRange     '3.9.6',
178 silly addNameRange     '3.8.21',
178 silly addNameRange     '3.9.7',
178 silly addNameRange     '3.8.22',
178 silly addNameRange     '4.0.0-rc0',
178 silly addNameRange     '4.0.0-rc1',
178 silly addNameRange     '3.8.23',
178 silly addNameRange     '4.0.0-rc2',
178 silly addNameRange     '3.8.24',
178 silly addNameRange     '4.0.0-rc3',
178 silly addNameRange     '3.8.25',
178 silly addNameRange     '4.0.0-rc4',
178 silly addNameRange     '4.0.0',
178 silly addNameRange     '4.0.1',
178 silly addNameRange     '3.8.26',
178 silly addNameRange     '3.8.27',
178 silly addNameRange     '4.0.2',
178 silly addNameRange     '3.8.28',
178 silly addNameRange     '4.0.3',
178 silly addNameRange     '3.8.29',
178 silly addNameRange     '4.0.4',
178 silly addNameRange     '3.8.30',
178 silly addNameRange     '4.0.5',
178 silly addNameRange     '3.8.31',
178 silly addNameRange     '4.0.6',
178 silly addNameRange     '3.8.33',
178 silly addNameRange     '4.0.7',
178 silly addNameRange     '3.8.34',
178 silly addNameRange     '4.0.8',
178 silly addNameRange     '4.1.0',
178 silly addNameRange     '4.1.1',
178 silly addNameRange     '4.1.2',
178 silly addNameRange     '3.8.35',
178 silly addNameRange     '4.1.3',
178 silly addNameRange     '4.1.5',
178 silly addNameRange     '4.1.6' ] ]
179 verbose addNamed mongoose@4.1.6
180 silly addNamed semver.valid 4.1.6
181 silly addNamed semver.validRange 4.1.6
182 silly addNameRange number 2 { name: 'bower', range: '>=1.4.1 <2.0.0', hasData: true }
183 silly addNameRange versions [ 'bower',
183 silly addNameRange   [ '0.1.0',
183 silly addNameRange     '0.1.2',
183 silly addNameRange     '0.1.3',
183 silly addNameRange     '0.2.0',
183 silly addNameRange     '0.3.0',
183 silly addNameRange     '0.3.1',
183 silly addNameRange     '0.3.2',
183 silly addNameRange     '0.4.0',
183 silly addNameRange     '0.5.0',
183 silly addNameRange     '0.5.1',
183 silly addNameRange     '0.6.0',
183 silly addNameRange     '0.6.1',
183 silly addNameRange     '0.6.2',
183 silly addNameRange     '0.6.3',
183 silly addNameRange     '0.6.4',
183 silly addNameRange     '0.6.5',
183 silly addNameRange     '0.6.6',
183 silly addNameRange     '0.6.7',
183 silly addNameRange     '0.6.8',
183 silly addNameRange     '0.7.0',
183 silly addNameRange     '0.7.1',
183 silly addNameRange     '0.8.0',
183 silly addNameRange     '0.8.1',
183 silly addNameRange     '0.8.2',
183 silly addNameRange     '0.8.3',
183 silly addNameRange     '0.8.4',
183 silly addNameRange     '0.8.5',
183 silly addNameRange     '0.8.6',
183 silly addNameRange     '0.9.0',
183 silly addNameRange     '0.9.1',
183 silly addNameRange     '0.9.2',
183 silly addNameRange     '0.10.0',
183 silly addNameRange     '1.0.0',
183 silly addNameRange     '1.0.1',
183 silly addNameRange     '1.0.2',
183 silly addNameRange     '1.0.3',
183 silly addNameRange     '1.1.0',
183 silly addNameRange     '1.1.1',
183 silly addNameRange     '1.1.2',
183 silly addNameRange     '1.2.0',
183 silly addNameRange     '1.2.1',
183 silly addNameRange     '1.2.2',
183 silly addNameRange     '1.2.3',
183 silly addNameRange     '1.2.4',
183 silly addNameRange     '1.2.5',
183 silly addNameRange     '1.2.6',
183 silly addNameRange     '1.2.7',
183 silly addNameRange     '1.2.8',
183 silly addNameRange     '1.3.0',
183 silly addNameRange     '1.3.1',
183 silly addNameRange     '1.3.2',
183 silly addNameRange     '1.3.3',
183 silly addNameRange     '1.3.4',
183 silly addNameRange     '1.3.5',
183 silly addNameRange     '1.3.6',
183 silly addNameRange     '1.3.7',
183 silly addNameRange     '1.3.8',
183 silly addNameRange     '1.3.9',
183 silly addNameRange     '1.3.10',
183 silly addNameRange     '1.3.11',
183 silly addNameRange     '1.3.12',
183 silly addNameRange     '1.4.0',
183 silly addNameRange     '1.4.1',
183 silly addNameRange     '1.5.0',
183 silly addNameRange     '1.5.1',
183 silly addNameRange     '1.5.2' ] ]
184 verbose addNamed bower@1.5.2
185 silly addNamed semver.valid 1.5.2
186 silly addNamed semver.validRange 1.5.2
187 silly addNameRange number 2 { name: 'express', range: '>=4.13.1 <5.0.0', hasData: true }
188 silly addNameRange versions [ 'express',
188 silly addNameRange   [ '0.14.0',
188 silly addNameRange     '0.14.1',
188 silly addNameRange     '1.0.0',
188 silly addNameRange     '1.0.1',
188 silly addNameRange     '1.0.2',
188 silly addNameRange     '1.0.3',
188 silly addNameRange     '1.0.4',
188 silly addNameRange     '1.0.5',
188 silly addNameRange     '1.0.6',
188 silly addNameRange     '1.0.7',
188 silly addNameRange     '1.0.8',
188 silly addNameRange     '2.0.0',
188 silly addNameRange     '2.1.0',
188 silly addNameRange     '2.1.1',
188 silly addNameRange     '2.2.0',
188 silly addNameRange     '2.2.1',
188 silly addNameRange     '2.2.2',
188 silly addNameRange     '2.3.0',
188 silly addNameRange     '2.3.1',
188 silly addNameRange     '2.3.2',
188 silly addNameRange     '2.3.3',
188 silly addNameRange     '2.3.4',
188 silly addNameRange     '2.3.5',
188 silly addNameRange     '2.3.6',
188 silly addNameRange     '2.3.7',
188 silly addNameRange     '2.3.8',
188 silly addNameRange     '2.3.9',
188 silly addNameRange     '2.3.10',
188 silly addNameRange     '2.3.11',
188 silly addNameRange     '2.3.12',
188 silly addNameRange     '2.4.0',
188 silly addNameRange     '2.4.1',
188 silly addNameRange     '2.4.2',
188 silly addNameRange     '2.4.3',
188 silly addNameRange     '2.4.4',
188 silly addNameRange     '2.4.5',
188 silly addNameRange     '2.4.6',
188 silly addNameRange     '2.4.7',
188 silly addNameRange     '2.5.0',
188 silly addNameRange     '2.5.1',
188 silly addNameRange     '2.5.2',
188 silly addNameRange     '2.5.3',
188 silly addNameRange     '2.5.4',
188 silly addNameRange     '2.5.5',
188 silly addNameRange     '2.5.6',
188 silly addNameRange     '2.5.7',
188 silly addNameRange     '2.5.8',
188 silly addNameRange     '2.5.9',
188 silly addNameRange     '2.5.10',
188 silly addNameRange     '2.5.11',
188 silly addNameRange     '3.0.0',
188 silly addNameRange     '3.0.1',
188 silly addNameRange     '3.0.2',
188 silly addNameRange     '3.0.3',
188 silly addNameRange     '3.0.4',
188 silly addNameRange     '3.0.5',
188 silly addNameRange     '3.0.6',
188 silly addNameRange     '3.1.0',
188 silly addNameRange     '3.1.1',
188 silly addNameRange     '3.1.2',
188 silly addNameRange     '3.2.0',
188 silly addNameRange     '3.2.1',
188 silly addNameRange     '3.2.2',
188 silly addNameRange     '3.2.3',
188 silly addNameRange     '3.2.4',
188 silly addNameRange     '3.2.5',
188 silly addNameRange     '3.2.6',
188 silly addNameRange     '3.3.0',
188 silly addNameRange     '3.3.1',
188 silly addNameRange     '3.3.2',
188 silly addNameRange     '3.3.3',
188 silly addNameRange     '3.3.4',
188 silly addNameRange     '3.3.5',
188 silly addNameRange     '3.3.6',
188 silly addNameRange     '1.0.0-beta',
188 silly addNameRange     '1.0.0-beta2',
188 silly addNameRange     '1.0.0-rc',
188 silly addNameRange     '1.0.0-rc2',
188 silly addNameRange     '1.0.0-rc3',
188 silly addNameRange     '1.0.0-rc4',
188 silly addNameRange     '2.0.0-beta',
188 silly addNameRange     '2.0.0-beta2',
188 silly addNameRange     '2.0.0-beta3',
188 silly addNameRange     '2.0.0-rc',
188 silly addNameRange     '2.0.0-rc2',
188 silly addNameRange     '2.0.0-rc3',
188 silly addNameRange     '3.0.0-alpha1',
188 silly addNameRange     '3.0.0-alpha2',
188 silly addNameRange     '3.0.0-alpha3',
188 silly addNameRange     '3.0.0-alpha4',
188 silly addNameRange     '3.0.0-alpha5',
188 silly addNameRange     '3.0.0-beta1',
188 silly addNameRange     '3.0.0-beta2',
188 silly addNameRange     '3.0.0-beta3',
188 silly addNameRange     '3.0.0-beta4',
188 silly addNameRange     '3.0.0-beta6',
188 silly addNameRange     '3.0.0-beta7',
188 silly addNameRange     '3.0.0-rc1',
188 silly addNameRange     '3.0.0-rc2',
188 silly addNameRange     '3.0.0-rc3',
188 silly addNameRange     '3.0.0-rc4',
188 silly addNameRange     '3.0.0-rc5',
188 silly addNameRange     '3.3.7',
188 silly addNameRange     '3.3.8',
188 silly addNameRange     '3.4.0',
188 silly addNameRange     '3.4.1',
188 silly addNameRange     '3.4.2',
188 silly addNameRange     '3.4.3',
188 silly addNameRange     '3.4.4',
188 silly addNameRange     '3.4.5',
188 silly addNameRange     '3.4.6',
188 silly addNameRange     '3.4.7',
188 silly addNameRange     '3.4.8',
188 silly addNameRange     '4.0.0-rc1',
188 silly addNameRange     '4.0.0-rc2',
188 silly addNameRange     '3.5.0',
188 silly addNameRange     '4.0.0-rc3',
188 silly addNameRange     '4.0.0-rc4',
188 silly addNameRange     '3.5.1',
188 silly addNameRange     '4.0.0',
188 silly addNameRange     '3.5.2',
188 silly addNameRange     '4.1.0',
188 silly addNameRange     '4.1.1',
188 silly addNameRange     '3.5.3',
188 silly addNameRange     '4.1.2',
188 silly addNameRange     '3.6.0',
188 silly addNameRange     '4.2.0',
188 silly addNameRange     '3.7.0',
188 silly addNameRange     '3.8.0',
188 silly addNameRange     '4.3.0',
188 silly addNameRange     '4.3.1',
188 silly addNameRange     '3.8.1',
188 silly addNameRange     '4.3.2',
188 silly addNameRange     '3.9.0',
188 silly addNameRange     '4.4.0',
188 silly addNameRange     '4.4.1',
188 silly addNameRange     '3.10.0',
188 silly addNameRange     '3.10.1',
188 silly addNameRange     '3.10.2',
188 silly addNameRange     '3.10.3',
188 silly addNameRange     '3.10.4',
188 silly addNameRange     '4.4.2',
188 silly addNameRange     '3.10.5',
188 silly addNameRange     '4.4.3',
188 silly addNameRange     '3.11.0',
188 silly addNameRange     '4.4.4',
188 silly addNameRange     '3.12.0',
188 silly addNameRange     '3.12.1',
188 silly addNameRange     '4.4.5',
188 silly addNameRange     '3.13.0',
188 silly addNameRange     '4.5.0',
188 silly addNameRange     '4.5.1',
188 silly addNameRange     '3.14.0',
188 silly addNameRange     '4.6.0',
188 silly addNameRange     '4.6.1',
188 silly addNameRange     '3.15.0',
188 silly addNameRange     '4.7.0',
188 silly addNameRange     '3.15.1',
188 silly addNameRange     '4.7.1',
188 silly addNameRange     '3.15.2',
188 silly addNameRange     '4.7.2',
188 silly addNameRange     '4.7.3',
188 silly addNameRange     '3.15.3',
188 silly addNameRange     '4.7.4',
188 silly addNameRange     '3.16.0',
188 silly addNameRange     '4.8.0',
188 silly addNameRange     '3.16.1',
188 silly addNameRange     '4.8.1',
188 silly addNameRange     '3.16.2',
188 silly addNameRange     '4.8.2',
188 silly addNameRange     '3.16.3',
188 silly addNameRange     '3.16.4',
188 silly addNameRange     '4.8.3',
188 silly addNameRange     '3.16.5',
188 silly addNameRange     '3.16.6',
188 silly addNameRange     '4.8.4',
188 silly addNameRange     '3.16.7',
188 silly addNameRange     '4.8.5',
188 silly addNameRange     '3.16.8',
188 silly addNameRange     '4.8.6',
188 silly addNameRange     '3.16.9',
188 silly addNameRange     '4.8.7',
188 silly addNameRange     '3.16.10',
188 silly addNameRange     '4.8.8',
188 silly addNameRange     '3.17.0',
188 silly addNameRange     '3.17.1',
188 silly addNameRange     '4.9.0',
188 silly addNameRange     '3.17.2',
188 silly addNameRange     '4.9.1',
188 silly addNameRange     '4.9.2',
188 silly addNameRange     '3.17.3',
188 silly addNameRange     '4.9.3',
188 silly addNameRange     '3.17.4',
188 silly addNameRange     '4.9.4',
188 silly addNameRange     '3.17.5',
188 silly addNameRange     '4.9.5',
188 silly addNameRange     '3.17.6',
188 silly addNameRange     '3.17.7',
188 silly addNameRange     '4.9.6',
188 silly addNameRange     '4.9.7',
188 silly addNameRange     '3.17.8',
188 silly addNameRange     '4.9.8',
188 silly addNameRange     '3.18.0',
188 silly addNameRange     '3.18.1',
188 silly addNameRange     '4.10.0',
188 silly addNameRange     '3.18.2',
188 silly addNameRange     '4.10.1',
188 silly addNameRange     '5.0.0-alpha.1',
188 silly addNameRange     '3.18.3',
188 silly addNameRange     '4.10.2',
188 silly addNameRange     '3.18.4',
188 silly addNameRange     '4.10.3',
188 silly addNameRange     '4.10.4',
188 silly addNameRange     '4.10.5',
188 silly addNameRange     '3.18.5',
188 silly addNameRange     '3.18.6',
188 silly addNameRange     '4.10.6',
188 silly addNameRange     '4.10.7',
188 silly addNameRange     '3.19.0',
188 silly addNameRange     '4.10.8',
188 silly addNameRange     '4.11.0',
188 silly addNameRange     '3.19.1',
188 silly addNameRange     '4.11.1',
188 silly addNameRange     '3.19.2',
188 silly addNameRange     '4.11.2',
188 silly addNameRange     '3.20.0',
188 silly addNameRange     '4.12.0',
188 silly addNameRange     '3.20.1',
188 silly addNameRange     '4.12.1',
188 silly addNameRange     '4.12.2',
188 silly addNameRange     '3.20.2',
188 silly addNameRange     '4.12.3',
188 silly addNameRange     '3.20.3',
188 silly addNameRange     '4.12.4',
188 silly addNameRange     '3.21.0',
188 silly addNameRange     '4.13.0',
188 silly addNameRange     '3.21.1',
188 silly addNameRange     '4.13.1',
188 silly addNameRange     '5.0.0-alpha.2',
188 silly addNameRange     '3.21.2',
188 silly addNameRange     '4.13.2',
188 silly addNameRange     '4.13.3' ] ]
189 verbose addNamed express@4.13.3
190 silly addNamed semver.valid 4.13.3
191 silly addNamed semver.validRange 4.13.3
192 silly cache afterAdd mongoose@4.1.6
193 verbose afterAdd /home/rakeshthakur/.npm/mongoose/4.1.6/package/package.json not in flight; writing
194 silly cache afterAdd jade@1.11.0
195 verbose afterAdd /home/rakeshthakur/.npm/jade/1.11.0/package/package.json not in flight; writing
196 silly cache afterAdd bower@1.5.2
197 verbose afterAdd /home/rakeshthakur/.npm/bower/1.5.2/package/package.json not in flight; writing
198 verbose afterAdd /home/rakeshthakur/.npm/mongoose/4.1.6/package/package.json written
199 verbose afterAdd /home/rakeshthakur/.npm/jade/1.11.0/package/package.json written
200 verbose afterAdd /home/rakeshthakur/.npm/bower/1.5.2/package/package.json written
201 silly cache afterAdd express@4.13.3
202 verbose afterAdd /home/rakeshthakur/.npm/express/4.13.3/package/package.json not in flight; writing
203 verbose afterAdd /home/rakeshthakur/.npm/express/4.13.3/package/package.json written
204 silly get cb [ 304, undefined ]
205 verbose etag https://registry.npmjs.org/mongodb from cache
206 verbose get saving mongodb to /home/rakeshthakur/.npm/registry.npmjs.org/mongodb/.cache.json
207 silly addNameRange number 2 { name: 'mongodb', range: '>=2.0.39 <3.0.0', hasData: true }
208 silly addNameRange versions [ 'mongodb',
208 silly addNameRange   [ '0.9.4',
208 silly addNameRange     '0.9.4-4',
208 silly addNameRange     '0.9.3',
208 silly addNameRange     '0.9.1',
208 silly addNameRange     '0.9.2',
208 silly addNameRange     '0.9.6-7',
208 silly addNameRange     '0.9.6-8',
208 silly addNameRange     '0.9.6-9',
208 silly addNameRange     '0.9.6-10',
208 silly addNameRange     '0.9.6-11',
208 silly addNameRange     '0.9.6-12',
208 silly addNameRange     '0.9.6-13',
208 silly addNameRange     '0.9.6-14',
208 silly addNameRange     '0.9.6-15',
208 silly addNameRange     '0.9.6-16',
208 silly addNameRange     '0.9.6-17',
208 silly addNameRange     '0.9.6-18',
208 silly addNameRange     '0.9.6-19',
208 silly addNameRange     '0.9.6-20',
208 silly addNameRange     '0.9.6-21',
208 silly addNameRange     '0.9.6-22',
208 silly addNameRange     '0.9.6-23',
208 silly addNameRange     '0.9.7',
208 silly addNameRange     '0.9.7-0',
208 silly addNameRange     '0.9.7-1',
208 silly addNameRange     '0.9.7-1.1',
208 silly addNameRange     '0.9.7-1.2',
208 silly addNameRange     '0.9.7-1.3',
208 silly addNameRange     '0.9.7-1.4',
208 silly addNameRange     '0.9.7-2',
208 silly addNameRange     '0.9.7-2-1',
208 silly addNameRange     '0.9.7-2-2',
208 silly addNameRange     '0.9.7-2-3',
208 silly addNameRange     '0.9.7-2-4',
208 silly addNameRange     '0.9.7-2-5',
208 silly addNameRange     '0.9.7-3',
208 silly addNameRange     '0.9.7-3-1',
208 silly addNameRange     '0.9.7-3-2',
208 silly addNameRange     '0.9.7-3-3',
208 silly addNameRange     '0.9.7-3-4',
208 silly addNameRange     '0.9.7-3-5',
208 silly addNameRange     '0.9.8',
208 silly addNameRange     '0.9.8-1',
208 silly addNameRange     '0.9.8-2',
208 silly addNameRange     '0.9.8-3',
208 silly addNameRange     '0.9.8-4',
208 silly addNameRange     '0.9.8-5',
208 silly addNameRange     '0.9.8-6',
208 silly addNameRange     '0.9.8-7',
208 silly addNameRange     '0.9.9',
208 silly addNameRange     '0.9.9-1',
208 silly addNameRange     '0.9.9-2',
208 silly addNameRange     '0.9.9-3',
208 silly addNameRange     '0.9.9-4',
208 silly addNameRange     '0.9.9-5',
208 silly addNameRange     '0.9.9-6',
208 silly addNameRange     '0.9.9-7',
208 silly addNameRange     '0.9.9-8',
208 silly addNameRange     '1.0.0',
208 silly addNameRange     '1.0.1',
208 silly addNameRange     '1.0.2',
208 silly addNameRange     '1.1.0-beta',
208 silly addNameRange     '1.1.0',
208 silly addNameRange     '1.1.1',
208 silly addNameRange     '1.1.2',
208 silly addNameRange     '1.1.3',
208 silly addNameRange     '1.1.4',
208 silly addNameRange     '1.1.5',
208 silly addNameRange     '1.1.6',
208 silly addNameRange     '1.1.7',
208 silly addNameRange     '1.1.8',
208 silly addNameRange     '1.1.9',
208 silly addNameRange     '1.1.10',
208 silly addNameRange     '1.1.11',
208 silly addNameRange     '1.2.0',
208 silly addNameRange     '1.2.1',
208 silly addNameRange     '1.2.2',
208 silly addNameRange     '1.2.3',
208 silly addNameRange     '1.2.4',
208 silly addNameRange     '1.2.5',
208 silly addNameRange     '1.2.6',
208 silly addNameRange     '1.2.7',
208 silly addNameRange     '1.2.8',
208 silly addNameRange     '1.2.9',
208 silly addNameRange     '1.2.10',
208 silly addNameRange     '1.2.11',
208 silly addNameRange     '1.2.12',
208 silly addNameRange     '1.2.13',
208 silly addNameRange     '1.2.14',
208 silly addNameRange     '1.3.0',
208 silly addNameRange     '1.3.1',
208 silly addNameRange     '1.3.2',
208 silly addNameRange     '1.3.3',
208 silly addNameRange     '1.3.4',
208 silly addNameRange     '1.3.5',
208 silly addNameRange     '1.3.6',
208 silly addNameRange     '1.3.7',
208 silly addNameRange     '1.3.8',
208 silly addNameRange     '1.3.9',
208 silly addNameRange     '1.3.10',
208 silly addNameRange     '1.3.11',
208 silly addNameRange     '1.3.12',
208 silly addNameRange     '1.3.14',
208 silly addNameRange     '1.3.15',
208 silly addNameRange     '1.3.17',
208 silly addNameRange     '1.3.18',
208 silly addNameRange     '1.3.19',
208 silly addNameRange     '1.4.0-rc2',
208 silly addNameRange     '1.3.20',
208 silly addNameRange     '1.4.0-rc3',
208 silly addNameRange     '1.3.21',
208 silly addNameRange     '1.3.22',
208 silly addNameRange     '1.3.23',
208 silly addNameRange     '1.4.0-rc4',
208 silly addNameRange     '1.4.0-rc5',
208 silly addNameRange     '1.4.0-rc6',
208 silly addNameRange     '1.4.0-rc7',
208 silly addNameRange     '1.4.0-rc8',
208 silly addNameRange     '1.4.0-rc9',
208 silly addNameRange     '1.4.0-rc10',
208 silly addNameRange     '1.4.0',
208 silly addNameRange     '1.4.1',
208 silly addNameRange     '1.4.2',
208 silly addNameRange     '1.4.3',
208 silly addNameRange     '1.4.4',
208 silly addNameRange     '1.4.5',
208 silly addNameRange     '1.4.6',
208 silly addNameRange     '1.4.7',
208 silly addNameRange     '1.4.8',
208 silly addNameRange     '1.4.9',
208 silly addNameRange     '1.4.10',
208 silly addNameRange     '2.0.0-alpha1',
208 silly addNameRange     '1.4.11',
208 silly addNameRange     '1.4.12',
208 silly addNameRange     '1.4.14',
208 silly addNameRange     '1.4.15',
208 silly addNameRange     '1.4.16',
208 silly addNameRange     '1.4.17',
208 silly addNameRange     '2.0.0-alpha2',
208 silly addNameRange     '1.4.18',
208 silly addNameRange     '2.0.0',
208 silly addNameRange     '2.0.1',
208 silly addNameRange     '2.0.2',
208 silly addNameRange     '1.4.19',
208 silly addNameRange     '2.0.3',
208 silly addNameRange     '2.0.4',
208 silly addNameRange     '2.0.5',
208 silly addNameRange     '2.0.6',
208 silly addNameRange     '1.4.20',
208 silly addNameRange     '1.4.22',
208 silly addNameRange     '2.0.7',
208 silly addNameRange     '2.0.8',
208 silly addNameRange     '2.0.9',
208 silly addNameRange     '1.4.23',
208 silly addNameRange     '2.0.10',
208 silly addNameRange     '1.4.24',
208 silly addNameRange     '2.0.11',
208 silly addNameRange     '1.4.25',
208 silly addNameRange     '2.0.12',
208 silly addNameRange     '1.4.26',
208 silly addNameRange     '1.4.27',
208 silly addNameRange     '1.4.28',
208 silly addNameRange     '2.0.13',
208 silly addNameRange     '2.0.14',
208 silly addNameRange     '1.4.29',
208 silly addNameRange     '2.0.15',
208 silly addNameRange     '1.4.30',
208 silly addNameRange     '2.0.16',
208 silly addNameRange     '1.4.31',
208 silly addNameRange     '2.0.17',
208 silly addNameRange     '1.4.32',
208 silly addNameRange     '2.0.18',
208 silly addNameRange     '2.0.19',
208 silly addNameRange     '1.4.33',
208 silly addNameRange     '2.0.20',
208 silly addNameRange     '2.0.21',
208 silly addNameRange     '1.4.34',
208 silly addNameRange     '2.0.22',
208 silly addNameRange     '2.0.23',
208 silly addNameRange     '1.4.35',
208 silly addNameRange     '2.0.24',
208 silly addNameRange     '2.0.25',
208 silly addNameRange     '2.0.26',
208 silly addNameRange     '2.0.27',
208 silly addNameRange     '2.0.28',
208 silly addNameRange     '2.0.29',
208 silly addNameRange     '1.4.36',
208 silly addNameRange     '2.0.30',
208 silly addNameRange     '1.4.37',
208 silly addNameRange     '2.0.31',
208 silly addNameRange     '1.4.38',
208 silly addNameRange     '2.0.32',
208 silly addNameRange     '2.0.33',
208 silly addNameRange     '2.1.0-alpha',
208 silly addNameRange     '2.0.34',
208 silly addNameRange     '2.0.35',
208 silly addNameRange     '2.0.36',
208 silly addNameRange     '2.0.37',
208 silly addNameRange     '2.0.38',
208 silly addNameRange     '2.0.39',
208 silly addNameRange     '1.4.39',
208 silly addNameRange     '2.0.40',
208 silly addNameRange     '2.0.41',
208 silly addNameRange     '2.0.42' ] ]
209 verbose addNamed mongodb@2.0.42
210 silly addNamed semver.valid 2.0.42
211 silly addNamed semver.validRange 2.0.42
212 silly get cb [ 304, undefined ]
213 verbose etag https://registry.npmjs.org/less-middleware from cache
214 verbose get saving less-middleware to /home/rakeshthakur/.npm/registry.npmjs.org/less-middleware/.cache.json
215 silly addNameRange number 2 { name: 'less-middleware',
215 silly addNameRange   range: '>=2.0.1 <3.0.0',
215 silly addNameRange   hasData: true }
216 silly addNameRange versions [ 'less-middleware',
216 silly addNameRange   [ '0.0.0',
216 silly addNameRange     '0.1.0',
216 silly addNameRange     '0.1.1',
216 silly addNameRange     '0.1.2',
216 silly addNameRange     '0.1.3',
216 silly addNameRange     '0.1.4',
216 silly addNameRange     '0.1.5',
216 silly addNameRange     '0.1.6',
216 silly addNameRange     '0.1.7',
216 silly addNameRange     '0.1.8',
216 silly addNameRange     '0.1.9',
216 silly addNameRange     '0.1.10',
216 silly addNameRange     '0.1.11',
216 silly addNameRange     '0.1.12',
216 silly addNameRange     '0.1.13',
216 silly addNameRange     '0.1.14',
216 silly addNameRange     '0.1.15',
216 silly addNameRange     '0.2.0-beta',
216 silly addNameRange     '0.2.1-beta',
216 silly addNameRange     '1.0.0-beta',
216 silly addNameRange     '1.0.1-beta',
216 silly addNameRange     '1.0.2',
216 silly addNameRange     '1.0.3',
216 silly addNameRange     '1.0.4',
216 silly addNameRange     '2.0.0',
216 silly addNameRange     '2.0.1' ] ]
217 verbose addNamed less-middleware@2.0.1
218 silly addNamed semver.valid 2.0.1
219 silly addNamed semver.validRange 2.0.1
220 silly cache afterAdd less-middleware@2.0.1
221 verbose afterAdd /home/rakeshthakur/.npm/less-middleware/2.0.1/package/package.json not in flight; writing
222 verbose afterAdd /home/rakeshthakur/.npm/less-middleware/2.0.1/package/package.json written
223 silly cache afterAdd mongodb@2.0.42
224 verbose afterAdd /home/rakeshthakur/.npm/mongodb/2.0.42/package/package.json not in flight; writing
225 verbose afterAdd /home/rakeshthakur/.npm/mongodb/2.0.42/package/package.json written
226 silly install resolved [ { name: 'mongoose',
226 silly install resolved     description: 'Mongoose MongoDB ODM',
226 silly install resolved     version: '4.1.6',
226 silly install resolved     author: { name: 'Guillermo Rauch', email: 'guillermo@learnboost.com' },
226 silly install resolved     keywords:
226 silly install resolved      [ 'mongodb',
226 silly install resolved        'document',
226 silly install resolved        'model',
226 silly install resolved        'schema',
226 silly install resolved        'database',
226 silly install resolved        'odm',
226 silly install resolved        'data',
226 silly install resolved        'datastore',
226 silly install resolved        'query',
226 silly install resolved        'nosql',
226 silly install resolved        'orm',
226 silly install resolved        'db' ],
226 silly install resolved     license: 'MIT',
226 silly install resolved     dependencies:
226 silly install resolved      { async: '0.9.0',
226 silly install resolved        bson: '~0.4',
226 silly install resolved        'hooks-fixed': '1.1.0',
226 silly install resolved        kareem: '1.0.1',
226 silly install resolved        mongodb: '2.0.42',
226 silly install resolved        mpath: '0.1.1',
226 silly install resolved        mpromise: '0.5.4',
226 silly install resolved        mquery: '1.6.3',
226 silly install resolved        ms: '0.1.0',
226 silly install resolved        muri: '1.0.0',
226 silly install resolved        'regexp-clone': '0.0.1',
226 silly install resolved        sliced: '0.0.5' },
226 silly install resolved     devDependencies:
226 silly install resolved      { acquit: '0.3.0',
226 silly install resolved        'acquit-ignore': '0.0.1',
226 silly install resolved        benchmark: '1.0.0',
226 silly install resolved        bluebird: '2.9.34',
226 silly install resolved        co: '3.1.0',
226 silly install resolved        dox: '0.3.1',
226 silly install resolved        eslint: '1.0.0',
226 silly install resolved        'highlight.js': '7.0.1',
226 silly install resolved        istanbul: '^0.3.13',
226 silly install resolved        jade: '0.26.3',
226 silly install resolved        markdown: '0.3.1',
226 silly install resolved        marked: '0.3.2',
226 silly install resolved        mocha: '1.20.0',
226 silly install resolved        'node-static': '0.5.9',
226 silly install resolved        open: '0.0.3',
226 silly install resolved        q: '1.4.1',
226 silly install resolved        tbd: '0.6.4',
226 silly install resolved        'uglify-js': '2.4.24',
226 silly install resolved        underscore: '1.5.2' },
226 silly install resolved     browserDependencies:
226 silly install resolved      { browserify: '4.1.10',
226 silly install resolved        karma: '0.12.16',
226 silly install resolved        'karma-chai': '0.1.0',
226 silly install resolved        'karma-mocha': '0.1.4',
226 silly install resolved        'karma-chrome-launcher': '0.1.4',
226 silly install resolved        'karma-sauce-launcher': '0.2.8' },
226 silly install resolved     directories: { lib: './lib/mongoose' },
226 silly install resolved     scripts:
226 silly install resolved      { 'install-browser': 'npm install `node format_deps.js`',
226 silly install resolved        test: 'mocha --async-only test/*.test.js test/**/*.test.js',
226 silly install resolved        'test-cov': 'istanbul cover _mocha --async-only test/*.test.js' },
226 silly install resolved     main: './index.js',
226 silly install resolved     engines: { node: '>=0.6.19' },
226 silly install resolved     bugs:
226 silly install resolved      { url: 'https://github.com/Automattic/mongoose/issues/new',
226 silly install resolved        email: 'mongoose-orm@googlegroups.com' },
226 silly install resolved     repository: { type: 'git', url: 'git://github.com/Automattic/mongoose.git' },
226 silly install resolved     homepage: 'http://mongoosejs.com',
226 silly install resolved     browser: 'lib/browser.js',
226 silly install resolved     gitHead: 'b9136adc4f75dacc03e6ab4de90bd853cd3017d8',
226 silly install resolved     _id: 'mongoose@4.1.6',
226 silly install resolved     _shasum: '5ac7732d42a7c8375c787d2eb66fcf918a6cf7ed',
226 silly install resolved     _from: 'mongoose@>=4.1.5 <5.0.0',
226 silly install resolved     _npmVersion: '2.9.1',
226 silly install resolved     _nodeVersion: '0.12.3',
226 silly install resolved     _npmUser: { name: 'vkarpov15', email: 'val@karpov.io' },
226 silly install resolved     dist:
226 silly install resolved      { shasum: '5ac7732d42a7c8375c787d2eb66fcf918a6cf7ed',
226 silly install resolved        tarball: 'http://registry.npmjs.org/mongoose/-/mongoose-4.1.6.tgz' },
226 silly install resolved     maintainers: [ [Object], [Object], [Object], [Object], [Object] ],
226 silly install resolved     _resolved: 'https://registry.npmjs.org/mongoose/-/mongoose-4.1.6.tgz',
226 silly install resolved     readme: 'ERROR: No README data found!' },
226 silly install resolved   { name: 'jade',
226 silly install resolved     description: 'A clean, whitespace-sensitive template language for writing HTML',
226 silly install resolved     version: '1.11.0',
226 silly install resolved     author: { name: 'TJ Holowaychuk', email: 'tj@vision-media.ca' },
226 silly install resolved     maintainers: [ [Object], [Object], [Object], [Object] ],
226 silly install resolved     license: 'MIT',
226 silly install resolved     repository: { type: 'git', url: 'git://github.com/jadejs/jade.git' },
226 silly install resolved     main: 'lib',
226 silly install resolved     bin: { jade: './bin/jade.js' },
226 silly install resolved     dependencies:
226 silly install resolved      { 'character-parser': '1.2.1',
226 silly install resolved        'clean-css': '^3.1.9',
226 silly install resolved        commander: '~2.6.0',
226 silly install resolved        constantinople: '~3.0.1',
226 silly install resolved        jstransformer: '0.0.2',
226 silly install resolved        mkdirp: '~0.5.0',
226 silly install resolved        transformers: '2.1.0',
226 silly install resolved        'uglify-js': '^2.4.19',
226 silly install resolved        'void-elements': '~2.0.1',
226 silly install resolved        with: '~4.0.0' },
226 silly install resolved     devDependencies:
226 silly install resolved      { browserify: '*',
226 silly install resolved        'browserify-middleware': '~4.1.0',
226 silly install resolved        'code-mirror': '~3.22.0',
226 silly install resolved        'coffee-script': '*',
226 silly install resolved        coveralls: '^2.11.2',
226 silly install resolved        express: '~4.10.4',
226 silly install resolved        'github-basic': '^4.1.2',
226 silly install resolved        handle: '~1.0.0',
226 silly install resolved        'highlight-codemirror': '~4.1.0',
226 silly install resolved        inconsolata: '0.0.2',
226 silly install resolved        istanbul: '*',
226 silly install resolved        'jade-code-mirror': '~1.0.5',
226 silly install resolved        'jade-highlighter': '~1.0.5',
226 silly install resolved        'jstransformer-cdata': '0.0.3',
226 silly install resolved        'jstransformer-coffee-script': '0.0.2',
226 silly install resolved        'jstransformer-less': '^1.0.0',
226 silly install resolved        'jstransformer-marked': '0.0.1',
226 silly install resolved        'jstransformer-stylus': '0.0.1',
226 silly install resolved        'jstransformer-verbatim': '0.0.2',
226 silly install resolved        less: '<2.0.0',
226 silly install resolved        'less-file': '0.0.9',
226 silly install resolved        linify: '*',
226 silly install resolved        lsr: '^1.0.0',
226 silly install resolved        marked: '~0.3.3',
226 silly install resolved        mocha: '*',
226 silly install resolved        opener: '^1.3.0',
226 silly install resolved        'pull-request': '^3.0.0',
226 silly install resolved        rimraf: '^2.2.8',
226 silly install resolved        should: '*',
226 silly install resolved        stop: '^3.0.0-rc1',
226 silly install resolved        stylus: '*',
226 silly install resolved        twbs: '0.0.6',
226 silly install resolved        'uglify-js': '*' },
226 silly install resolved     component: { scripts: [Object] },
226 silly install resolved     scripts:
226 silly install resolved      { test: 'mocha -R spec',
226 silly install resolved        precoverage: 'rimraf coverage && rimraf cov-pt*',
226 silly install resolved        coverage: 'istanbul cover --report none --dir cov-pt0 node_modules/mocha/bin/_mocha -- -R dot',
226 silly install resolved        postcoverage: 'istanbul report --include cov-pt\\*/coverage.json && rimraf cov-pt*',
226 silly install resolved        coveralls: 'npm run coverage && cat ./coverage/lcov.info | coveralls',
226 silly install resolved        prepublish: 'npm prune && linify transform bin && npm run build',
226 silly install resolved        build: 'npm run compile',
226 silly install resolved        compile: 'npm run compile-full && npm run compile-runtime',
226 silly install resolved        'compile-full': 'browserify ./lib/index.js --standalone jade -x ./node_modules/transformers > jade.js',
226 silly install resolved        'compile-runtime': 'browserify ./lib/runtime.js --standalone jade > runtime.js' },
226 silly install resolved     browser: { fs: false, './lib/filters.js': './lib/filters-client.js' },
226 silly install resolved     homepage: 'http://jade-lang.com',
226 silly install resolved     gitHead: '31966399f86b15159f2ff47dff99fbf4c92fadd5',
226 silly install resolved     bugs: { url: 'https://github.com/jadejs/jade/issues' },
226 silly install resolved     _id: 'jade@1.11.0',
226 silly install resolved     _shasum: '9c80e538c12d3fb95c8d9bb9559fa0cc040405fd',
226 silly install resolved     _from: 'jade@>=1.11.0 <2.0.0',
226 silly install resolved     _npmVersion: '2.11.0',
226 silly install resolved     _nodeVersion: '2.2.1',
226 silly install resolved     _npmUser: { name: 'alubbe', email: 'npm@lubbe.org' },
226 silly install resolved     dist:
226 silly install resolved      { shasum: '9c80e538c12d3fb95c8d9bb9559fa0cc040405fd',
226 silly install resolved        tarball: 'http://registry.npmjs.org/jade/-/jade-1.11.0.tgz' },
226 silly install resolved     directories: {},
226 silly install resolved     _resolved: 'https://registry.npmjs.org/jade/-/jade-1.11.0.tgz',
226 silly install resolved     readme: 'ERROR: No README data found!' },
226 silly install resolved   { name: 'bower',
226 silly install resolved     version: '1.5.2',
226 silly install resolved     description: 'The browser package manager',
226 silly install resolved     author: { name: 'Twitter' },
226 silly install resolved     license: 'MIT',
226 silly install resolved     repository: { type: 'git', url: 'git+https://github.com/bower/bower.git' },
226 silly install resolved     main: 'lib',
226 silly install resolved     homepage: 'http://bower.io',
226 silly install resolved     engines: { node: '>=0.10.0' },
226 silly install resolved     dependencies:
226 silly install resolved      { abbrev: '^1.0.5',
226 silly install resolved        archy: '1.0.0',
226 silly install resolved        'bower-config': '^0.6.1',
226 silly install resolved        'bower-endpoint-parser': '^0.2.2',
226 silly install resolved        'bower-json': '^0.4.0',
226 silly install resolved        'bower-logger': '^0.2.2',
226 silly install resolved        'bower-registry-client': '^0.3.0',
226 silly install resolved        cardinal: '0.4.4',
226 silly install resolved        chalk: '^1.0.0',
226 silly install resolved        chmodr: '0.1.0',
226 silly install resolved        configstore: '^0.3.2',
226 silly install resolved        'decompress-zip': '^0.1.0',
226 silly install resolved        'deep-sort-object': '~0.1.1',
226 silly install resolved        fstream: '^1.0.3',
226 silly install resolved        'fstream-ignore': '^1.0.2',
226 silly install resolved        github: '^0.2.3',
226 silly install resolved        glob: '^4.3.2',
226 silly install resolved        'graceful-fs': '^3.0.5',
226 silly install resolved        handlebars: '^2.0.0',
226 silly install resolved        inquirer: '0.8.0',
226 silly install resolved        insight: '^0.5.0',
226 silly install resolved        'is-root': '^1.0.0',
226 silly install resolved        junk: '^1.0.0',
226 silly install resolved        lockfile: '^1.0.0',
226 silly install resolved        'lru-cache': '^2.5.0',
226 silly install resolved        mkdirp: '0.5.0',
226 silly install resolved        mout: '^0.11.0',
226 silly install resolved        nopt: '^3.0.1',
226 silly install resolved        opn: '^1.0.1',
226 silly install resolved        'p-throttler': '0.1.1',
226 silly install resolved        promptly: '0.2.0',
226 silly install resolved        q: '^1.1.2',
226 silly install resolved        request: '2.53.0',
226 silly install resolved        'request-progress': '0.3.1',
226 silly install resolved        retry: '0.6.1',
226 silly install resolved        rimraf: '^2.2.8',
226 silly install resolved        semver: '^2.3.0',
226 silly install resolved        'shell-quote': '^1.4.2',
226 silly install resolved        'stringify-object': '^1.0.0',
226 silly install resolved        'tar-fs': '^1.4.1',
226 silly install resolved        tmp: '0.0.24',
226 silly install resolved        'update-notifier': '^0.3.0',
226 silly install resolved        'user-home': '^1.1.0',
226 silly install resolved        which: '^1.0.8' },
226 silly install resolved     devDependencies:
226 silly install resolved      { chai: '^1.10.0',
226 silly install resolved        coveralls: '^2.11.2',
226 silly install resolved        'expect.js': '^0.3.1',
226 silly install resolved        grunt: '^0.4.5',
226 silly install resolved        'grunt-cli': '^0.1.13',
226 silly install resolved        'grunt-contrib-jshint': '^0.10.0',
226 silly install resolved        'grunt-contrib-watch': '^0.6.1',
226 silly install resolved        'grunt-exec': '^0.4.6',
226 silly install resolved        'grunt-simple-mocha': '^0.4.0',
226 silly install resolved        istanbul: '^0.3.5',
226 silly install resolved        'load-grunt-tasks': '^2.0.0',
226 silly install resolved        mocha: '^2.1.0',
226 silly install resolved        multiline: '^1.0.2',
226 silly install resolved        nock: '^0.56.0',
226 silly install resolved        'node-uuid': '^1.4.2',
226 silly install resolved        proxyquire: '^1.3.0',
226 silly install resolved        'spawn-sync': '^1.0.5' },
226 silly install resolved     scripts: { test: 'grunt test' },
226 silly install resolved     bin: { bower: 'bin/bower' },
226 silly install resolved     files: [ 'bin', 'lib', 'templates' ],
226 silly install resolved     gitHead: '64d990ba102c8491c474dd99605b9a9725e62cbb',
226 silly install resolved     bugs: { url: 'https://github.com/bower/bower/issues' },
226 silly install resolved     _id: 'bower@1.5.2',
226 silly install resolved     _shasum: 'be291d6c36f1740779abff1c61aca5633e265327',
226 silly install resolved     _from: 'bower@>=1.4.1 <2.0.0',
226 silly install resolved     _npmVersion: '2.11.3',
226 silly install resolved     _nodeVersion: '0.12.7',
226 silly install resolved     _npmUser: { name: 'sheerun', email: 'sheerun@sher.pl' },
226 silly install resolved     dist:
226 silly install resolved      { shasum: 'be291d6c36f1740779abff1c61aca5633e265327',
226 silly install resolved        tarball: 'http://registry.npmjs.org/bower/-/bower-1.5.2.tgz' },
226 silly install resolved     maintainers: [ [Object], [Object], [Object], [Object], [Object], [Object] ],
226 silly install resolved     directories: {},
226 silly install resolved     _resolved: 'https://registry.npmjs.org/bower/-/bower-1.5.2.tgz',
226 silly install resolved     readme: 'ERROR: No README data found!' },
226 silly install resolved   { name: 'express',
226 silly install resolved     description: 'Fast, unopinionated, minimalist web framework',
226 silly install resolved     version: '4.13.3',
226 silly install resolved     author: { name: 'TJ Holowaychuk', email: 'tj@vision-media.ca' },
226 silly install resolved     contributors:
226 silly install resolved      [ [Object],
226 silly install resolved        [Object],
226 silly install resolved        [Object],
226 silly install resolved        [Object],
226 silly install resolved        [Object],
226 silly install resolved        [Object],
226 silly install resolved        [Object] ],
226 silly install resolved     license: 'MIT',
226 silly install resolved     repository: { type: 'git', url: 'https://github.com/strongloop/express' },
226 silly install resolved     homepage: 'http://expressjs.com/',
226 silly install resolved     keywords:
226 silly install resolved      [ 'express',
226 silly install resolved        'framework',
226 silly install resolved        'sinatra',
226 silly install resolved        'web',
226 silly install resolved        'rest',
226 silly install resolved        'restful',
226 silly install resolved        'router',
226 silly install resolved        'app',
226 silly install resolved        'api' ],
226 silly install resolved     dependencies:
226 silly install resolved      { accepts: '~1.2.12',
226 silly install resolved        'array-flatten': '1.1.1',
226 silly install resolved        'content-disposition': '0.5.0',
226 silly install resolved        'content-type': '~1.0.1',
226 silly install resolved        cookie: '0.1.3',
226 silly install resolved        'cookie-signature': '1.0.6',
226 silly install resolved        debug: '~2.2.0',
226 silly install resolved        depd: '~1.0.1',
226 silly install resolved        'escape-html': '1.0.2',
226 silly install resolved        etag: '~1.7.0',
226 silly install resolved        finalhandler: '0.4.0',
226 silly install resolved        fresh: '0.3.0',
226 silly install resolved        'merge-descriptors': '1.0.0',
226 silly install resolved        methods: '~1.1.1',
226 silly install resolved        'on-finished': '~2.3.0',
226 silly install resolved        parseurl: '~1.3.0',
226 silly install resolved        'path-to-regexp': '0.1.7',
226 silly install resolved        'proxy-addr': '~1.0.8',
226 silly install resolved        qs: '4.0.0',
226 silly install resolved        'range-parser': '~1.0.2',
226 silly install resolved        send: '0.13.0',
226 silly install resolved        'serve-static': '~1.10.0',
226 silly install resolved        'type-is': '~1.6.6',
226 silly install resolved        'utils-merge': '1.0.0',
226 silly install resolved        vary: '~1.0.1' },
226 silly install resolved     devDependencies:
226 silly install resolved      { after: '0.8.1',
226 silly install resolved        ejs: '2.3.3',
226 silly install resolved        istanbul: '0.3.17',
226 silly install resolved        marked: '0.3.5',
226 silly install resolved        mocha: '2.2.5',
226 silly install resolved        should: '7.0.2',
226 silly install resolved        supertest: '1.0.1',
226 silly install resolved        'body-parser': '~1.13.3',
226 silly install resolved        'connect-redis': '~2.4.1',
226 silly install resolved        'cookie-parser': '~1.3.5',
226 silly install resolved        'cookie-session': '~1.2.0',
226 silly install resolved        'express-session': '~1.11.3',
226 silly install resolved        jade: '~1.11.0',
226 silly install resolved        'method-override': '~2.3.5',
226 silly install resolved        morgan: '~1.6.1',
226 silly install resolved        multiparty: '~4.1.2',
226 silly install resolved        vhost: '~3.0.1' },
226 silly install resolved     engines: { node: '>= 0.10.0' },
226 silly install resolved     files: [ 'LICENSE', 'History.md', 'Readme.md', 'index.js', 'lib/' ],
226 silly install resolved     scripts:
226 silly install resolved      { test: 'mocha --require test/support/env --reporter spec --bail --check-leaks test/ test/acceptance/',
226 silly install resolved        'test-ci': 'istanbul cover node_modules/mocha/bin/_mocha --report lcovonly -- --require test/support/env --reporter spec --check-leaks test/ test/acceptance/',
226 silly install resolved        'test-cov': 'istanbul cover node_modules/mocha/bin/_mocha -- --require test/support/env --reporter dot --check-leaks test/ test/acceptance/',
226 silly install resolved        'test-tap': 'mocha --require test/support/env --reporter tap --check-leaks test/ test/acceptance/' },
226 silly install resolved     gitHead: 'ef7ad681b245fba023843ce94f6bcb8e275bbb8e',
226 silly install resolved     bugs: { url: 'https://github.com/strongloop/express/issues' },
226 silly install resolved     _id: 'express@4.13.3',
226 silly install resolved     _shasum: 'ddb2f1fb4502bf33598d2b032b037960ca6c80a3',
226 silly install resolved     _from: 'express@>=4.13.1 <5.0.0',
226 silly install resolved     _npmVersion: '1.4.28',
226 silly install resolved     _npmUser: { name: 'dougwilson', email: 'doug@somethingdoug.com' },
226 silly install resolved     maintainers:
226 silly install resolved      [ [Object],
226 silly install resolved        [Object],
226 silly install resolved        [Object],
226 silly install resolved        [Object],
226 silly install resolved        [Object],
226 silly install resolved        [Object],
226 silly install resolved        [Object] ],
226 silly install resolved     dist:
226 silly install resolved      { shasum: 'ddb2f1fb4502bf33598d2b032b037960ca6c80a3',
226 silly install resolved        tarball: 'http://registry.npmjs.org/express/-/express-4.13.3.tgz' },
226 silly install resolved     directories: {},
226 silly install resolved     _resolved: 'https://registry.npmjs.org/express/-/express-4.13.3.tgz',
226 silly install resolved     readme: 'ERROR: No README data found!' },
226 silly install resolved   { author:
226 silly install resolved      { name: 'Randy Merrill',
226 silly install resolved        email: 'Zoramite+github@gmail.com',
226 silly install resolved        url: 'http://forthedeveloper.com' },
226 silly install resolved     name: 'less-middleware',
226 silly install resolved     description: 'LESS.js middleware for connect.',
226 silly install resolved     version: '2.0.1',
226 silly install resolved     repository:
226 silly install resolved      { type: 'git',
226 silly install resolved        url: 'git://github.com/emberfeather/less.js-middleware.git' },
226 silly install resolved     main: 'lib/middleware.js',
226 silly install resolved     dependencies: { less: '2.4.x', mkdirp: '~0.5', 'node.extend': '~1.1' },
226 silly install resolved     devDependencies:
226 silly install resolved      { mocha: '~2.1',
226 silly install resolved        supertest: '~0.15',
226 silly install resolved        express: '~4.11',
226 silly install resolved        'fs-extra': '~0.16' },
226 silly install resolved     engines: { node: '>= 0.7.1' },
226 silly install resolved     scripts: { test: 'mocha' },
226 silly install resolved     gitHead: '8a98eeeecc36c2b52097041909a780749ae1eb5e',
226 silly install resolved     bugs: { url: 'https://github.com/emberfeather/less.js-middleware/issues' },
226 silly install resolved     homepage: 'https://github.com/emberfeather/less.js-middleware',
226 silly install resolved     _id: 'less-middleware@2.0.1',
226 silly install resolved     _shasum: 'a278c220738e99aaa5d53bda16dc7039e9f81481',
226 silly install resolved     _from: 'less-middleware@>=2.0.1 <3.0.0',
226 silly install resolved     _npmVersion: '2.2.0',
226 silly install resolved     _nodeVersion: '0.10.33',
226 silly install resolved     _npmUser: { name: 'zoramite', email: 'zoramite+npm@gmail.com' },
226 silly install resolved     maintainers: [ [Object], [Object] ],
226 silly install resolved     dist:
226 silly install resolved      { shasum: 'a278c220738e99aaa5d53bda16dc7039e9f81481',
226 silly install resolved        tarball: 'http://registry.npmjs.org/less-middleware/-/less-middleware-2.0.1.tgz' },
226 silly install resolved     directories: {},
226 silly install resolved     _resolved: 'https://registry.npmjs.org/less-middleware/-/less-middleware-2.0.1.tgz',
226 silly install resolved     readme: 'ERROR: No README data found!' },
226 silly install resolved   { name: 'mongodb',
226 silly install resolved     version: '2.0.42',
226 silly install resolved     description: 'MongoDB legacy driver emulation layer on top of mongodb-core',
226 silly install resolved     main: 'index.js',
226 silly install resolved     repository:
226 silly install resolved      { type: 'git',
226 silly install resolved        url: 'git@github.com:mongodb/node-mongodb-native.git' },
226 silly install resolved     keywords: [ 'mongodb', 'driver', 'legacy' ],
226 silly install resolved     dependencies:
226 silly install resolved      { 'mongodb-core': '1.2.10',
226 silly install resolved        'readable-stream': '1.0.31',
226 silly install resolved        'es6-promise': '2.1.1' },
226 silly install resolved     devDependencies:
226 silly install resolved      { integra: '0.1.8',
226 silly install resolved        optimist: '0.6.1',
226 silly install resolved        bson: '~0.4',
226 silly install resolved        jsdoc: '3.3.0-beta3',
226 silly install resolved        semver: '4.1.0',
226 silly install resolved        rimraf: '2.2.6',
226 silly install resolved        gleak: '0.5.0',
226 silly install resolved        'mongodb-version-manager': '^0.7.1',
226 silly install resolved        'mongodb-tools': '~1.0',
226 silly install resolved        co: '4.5.4',
226 silly install resolved        bluebird: '2.9.27' },
226 silly install resolved     author: { name: 'Christian Kvalheim' },
226 silly install resolved     license: 'Apache-2.0',
226 silly install resolved     bugs: { url: 'https://github.com/mongodb/node-mongodb-native/issues' },
226 silly install resolved     scripts: { test: 'node test/runner.js -t functional' },
226 silly install resolved     homepage: 'https://github.com/mongodb/node-mongodb-native',
226 silly install resolved     gitHead: '3cb2435867e41515e64fae3e951503a421305ce2',
226 silly install resolved     _id: 'mongodb@2.0.42',
226 silly install resolved     _shasum: '1bad7813d0725ce2e3bd54180f31faedd24d9e53',
226 silly install resolved     _from: 'mongodb@>=2.0.39 <3.0.0',
226 silly install resolved     _npmVersion: '2.13.0',
226 silly install resolved     _nodeVersion: '2.4.0',
226 silly install resolved     _npmUser: { name: 'christkv', email: 'christkv@gmail.com' },
226 silly install resolved     maintainers: [ [Object] ],
226 silly install resolved     dist:
226 silly install resolved      { shasum: '1bad7813d0725ce2e3bd54180f31faedd24d9e53',
226 silly install resolved        tarball: 'http://registry.npmjs.org/mongodb/-/mongodb-2.0.42.tgz' },
226 silly install resolved     directories: {},
226 silly install resolved     _resolved: 'https://registry.npmjs.org/mongodb/-/mongodb-2.0.42.tgz',
226 silly install resolved     readme: 'ERROR: No README data found!' } ]
227 info install mongoose@4.1.6 into /home/rakeshthakur/Copy/Thesis
228 info install jade@1.11.0 into /home/rakeshthakur/Copy/Thesis
229 info install bower@1.5.2 into /home/rakeshthakur/Copy/Thesis
230 info install express@4.13.3 into /home/rakeshthakur/Copy/Thesis
231 info install less-middleware@2.0.1 into /home/rakeshthakur/Copy/Thesis
232 info install mongodb@2.0.42 into /home/rakeshthakur/Copy/Thesis
233 info installOne mongoose@4.1.6
234 verbose installOne of mongoose to /home/rakeshthakur/Copy/Thesis not in flight; installing
235 info installOne jade@1.11.0
236 verbose installOne of jade to /home/rakeshthakur/Copy/Thesis not in flight; installing
237 info installOne bower@1.5.2
238 verbose installOne of bower to /home/rakeshthakur/Copy/Thesis not in flight; installing
239 info installOne express@4.13.3
240 verbose installOne of express to /home/rakeshthakur/Copy/Thesis not in flight; installing
241 info installOne less-middleware@2.0.1
242 verbose installOne of less-middleware to /home/rakeshthakur/Copy/Thesis not in flight; installing
243 info installOne mongodb@2.0.42
244 verbose installOne of mongodb to /home/rakeshthakur/Copy/Thesis not in flight; installing
245 warn locking Error: EACCES, open '/home/rakeshthakur/.npm/_locks/mongoose-c976173123f1cacc.lock'
245 warn locking     at Error (native)
245 warn locking  /home/rakeshthakur/.npm/_locks/mongoose-c976173123f1cacc.lock failed { [Error: EACCES, open '/home/rakeshthakur/.npm/_locks/mongoose-c976173123f1cacc.lock']
245 warn locking   errno: -13,
245 warn locking   code: 'EACCES',
245 warn locking   path: '/home/rakeshthakur/.npm/_locks/mongoose-c976173123f1cacc.lock' }
246 verbose stack Error: Attempt to unlock /home/rakeshthakur/Copy/Thesis/node_modules/mongoose, which hasn't been locked
246 verbose stack     at unlock (/usr/local/lib/node_modules/npm/lib/utils/locker.js:66:11)
246 verbose stack     at cb (/usr/local/lib/node_modules/npm/lib/install.js:1004:5)
246 verbose stack     at /usr/local/lib/node_modules/npm/lib/install.js:1008:20
246 verbose stack     at /usr/local/lib/node_modules/npm/lib/utils/locker.js:40:9
246 verbose stack     at cb (/usr/local/lib/node_modules/npm/node_modules/lockfile/lockfile.js:149:38)
246 verbose stack     at /usr/local/lib/node_modules/npm/node_modules/lockfile/lockfile.js:177:38
246 verbose stack     at FSReqWrap.oncomplete (fs.js:95:15)
247 verbose cwd /home/rakeshthakur/Copy/Thesis
248 error Linux 3.19.0-28-generic
249 error argv "/usr/local/bin/node" "/usr/local/bin/npm" "install"
250 error node v0.12.2
251 error npm  v2.7.4
252 error Attempt to unlock /home/rakeshthakur/Copy/Thesis/node_modules/mongoose, which hasn't been locked
253 error If you need help, you may report this error at:
253 error     <https://github.com/npm/npm/issues>
254 verbose exit [ 1, true ]
